This file contains any messages produced by compilers while
running configure, to aid debugging if configure makes a mistake.

It was created by fsconfig-native configure 1.0.0, which was
generated by GNU Autoconf 2.68.  Invocation command line was

  $ /home/wuguang/630_slm/M9615AAAARNLZA16112281_module/apps_proc/oe-core/build/tmp-eglibc/work/x86_64-linux/fsconfig-native-git-r2/fs_config/configure --build=x86_64-linux --host=x86_64-linux --target=x86_64-linux --prefix=/home/wuguang/630_slm/M9615AAAARNLZA16112281_module/apps_proc/oe-core/build/tmp-eglibc/sysroots/x86_64-linux/usr --exec_prefix=/home/wuguang/630_slm/M9615AAAARNLZA16112281_module/apps_proc/oe-core/build/tmp-eglibc/sysroots/x86_64-linux/usr --bindir=/home/wuguang/630_slm/M9615AAAARNLZA16112281_module/apps_proc/oe-core/build/tmp-eglibc/sysroots/x86_64-linux/usr/bin --sbindir=/home/wuguang/630_slm/M9615AAAARNLZA16112281_module/apps_proc/oe-core/build/tmp-eglibc/sysroots/x86_64-linux/usr/sbin --libexecdir=/home/wuguang/630_slm/M9615AAAARNLZA16112281_module/apps_proc/oe-core/build/tmp-eglibc/sysroots/x86_64-linux/usr/libexec --datadir=/home/wuguang/630_slm/M9615AAAARNLZA16112281_module/apps_proc/oe-core/build/tmp-eglibc/sysroots/x86_64-linux/usr/share --sysconfdir=/home/wuguang/630_slm/M9615AAAARNLZA16112281_module/apps_proc/oe-core/build/tmp-eglibc/sysroots/x86_64-linux/etc --sharedstatedir=/home/wuguang/630_slm/M9615AAAARNLZA16112281_module/apps_proc/oe-core/build/tmp-eglibc/sysroots/x86_64-linux/com --localstatedir=/home/wuguang/630_slm/M9615AAAARNLZA16112281_module/apps_proc/oe-core/build/tmp-eglibc/sysroots/x86_64-linux/var --libdir=/home/wuguang/630_slm/M9615AAAARNLZA16112281_module/apps_proc/oe-core/build/tmp-eglibc/sysroots/x86_64-linux/usr/lib --includedir=/home/wuguang/630_slm/M9615AAAARNLZA16112281_module/apps_proc/oe-core/build/tmp-eglibc/sysroots/x86_64-linux/usr/include --oldincludedir=/home/wuguang/630_slm/M9615AAAARNLZA16112281_module/apps_proc/oe-core/build/tmp-eglibc/sysroots/x86_64-linux/usr/include --infodir=/home/wuguang/630_slm/M9615AAAARNLZA16112281_module/apps_proc/oe-core/build/tmp-eglibc/sysroots/x86_64-linux/usr/share/info --mandir=/home/wuguang/630_slm/M9615AAAARNLZA16112281_module/apps_proc/oe-core/build/tmp-eglibc/sysroots/x86_64-linux/usr/share/man --disable-silent-rules --disable-dependency-tracking

## --------- ##
## Platform. ##
## --------- ##

hostname = ubuntu
uname -m = x86_64
uname -r = 3.2.0-29-generic
uname -s = Linux
uname -v = #46-Ubuntu SMP Fri Jul 27 17:03:23 UTC 2012

/usr/bin/uname -p = unknown
/bin/uname -X     = unknown

/bin/arch              = unknown
/usr/bin/arch -k       = unknown
/usr/convex/getsysinfo = unknown
/usr/bin/hostinfo      = unknown
/bin/machine           = unknown
/usr/bin/oslevel       = unknown
/bin/universe          = unknown

PATH: /home/wuguang/630_slm/M9615AAAARNLZA16112281_module/apps_proc/oe-core/build/tmp-eglibc/sysroots/x86_64-linux/usr/bin/armv7a-vfp-neon-linux
PATH: /home/wuguang/630_slm/M9615AAAARNLZA16112281_module/apps_proc/oe-core/build/tmp-eglibc/sysroots/x86_64-linux/usr/bin
PATH: /home/wuguang/630_slm/M9615AAAARNLZA16112281_module/apps_proc/oe-core/build/tmp-eglibc/sysroots/x86_64-linux/usr/sbin
PATH: /home/wuguang/630_slm/M9615AAAARNLZA16112281_module/apps_proc/oe-core/build/tmp-eglibc/sysroots/x86_64-linux/usr/bin
PATH: /home/wuguang/630_slm/M9615AAAARNLZA16112281_module/apps_proc/oe-core/build/tmp-eglibc/sysroots/x86_64-linux/sbin
PATH: /home/wuguang/630_slm/M9615AAAARNLZA16112281_module/apps_proc/oe-core/build/tmp-eglibc/sysroots/x86_64-linux//bin
PATH: /home/wuguang/630_slm/M9615AAAARNLZA16112281_module/apps_proc/oe-core/scripts/native-intercept
PATH: /home/wuguang/630_slm/M9615AAAARNLZA16112281_module/apps_proc/oe-core/scripts
PATH: /home/wuguang/630_slm/M9615AAAARNLZA16112281_module/apps_proc/oe-core/bitbake/bin/
PATH: /usr/local/lib/jdk1.6.0_45/bin
PATH: /usr/local/sbin
PATH: /usr/local/bin
PATH: /usr/sbin
PATH: /usr/bin
PATH: /sbin
PATH: /bin
PATH: /usr/games
PATH: /home/wuguang/630_slm/M9615AAAARNLZA16112281_module/apps_proc/oe-core/scripts


## ----------- ##
## Core tests. ##
## ----------- ##

configure:1697: loading site script /home/wuguang/630_slm/M9615AAAARNLZA16112281_module/apps_proc/oe-core/meta/site/endian-little
| ac_cv_c_littleendian=${ac_cv_c_littleendian=yes}
| ac_cv_c_bigendian=${ac_cv_c_bigendian=no}
| 
| # libnet
| ac_cv_libnet_endianess=${ac_cv_libnet_endianess=lil}
| 
configure:1697: loading site script /home/wuguang/630_slm/M9615AAAARNLZA16112281_module/apps_proc/oe-core/meta/site/common-linux
| # apr
| ac_cv_file__dev_zero=${ac_cv_file__dev_zero=yes}
| 
| # samba
| samba_cv_HAVE_IFACE_AIX=${samba_cv_HAVE_IFACE_AIX=no}
| samba_cv_HAVE_IFACE_IFCONF=${samba_cv_HAVE_IFACE_IFCONF=yes}
| samba_cv_HAVE_IFACE_IFREQ=${samba_cv_HAVE_IFACE_IFREQ=yes}
| samba_cv_HAVE_IRIX_SPECIFIC_CAPABILITIES=${samba_cv_HAVE_IRIX_SPECIFIC_CAPABILITIES=no}
| 
| # db
| db_cv_path_ar=${db_cv_path_ar=/usr/bin/ar}
| db_cv_path_chmod=${db_cv_path_chmod=/bin/chmod}
| db_cv_path_cp=${db_cv_path_cp=/bin/cp}
| db_cv_path_ln=${db_cv_path_ln=/bin/ln}
| db_cv_path_mkdir=${db_cv_path_mkdir=/bin/mkdir}
| db_cv_path_ranlib=${db_cv_path_ranlib=/usr/bin/ranlib}
| db_cv_path_rm=${db_cv_path_rm=/bin/rm}
| db_cv_path_sh=${db_cv_path_sh=/bin/sh}
| db_cv_path_strip=${db_cv_path_strip=/usr/bin/strip}
| 
| # bash
| bash_cv_have_mbstate_t=${bash_cv_have_mbstate_t=yes}
| bash_cv_must_reinstall_sighandlers=${bash_cv_must_reinstall_sighandlers=no}
| bash_cv_func_strcoll_broken=${bash_cv_func_strcoll_broken=no}
| bash_cv_dup2_broken=${bash_cv_dup2_broken=no}
| bash_cv_opendir_not_robust=${bash_cv_opendir_not_robust=no}
| bash_cv_type_rlimit=${bash_cv_type_rlimit=rlim_t}
| bash_cv_getenv_redef=${bash_cv_getenv_redef=yes}
| bash_cv_ulimit_maxfds=${bash_cv_ulimit_maxfds=yes}
| bash_cv_getcwd_calls_popen=${bash_cv_getcwd_calls_popen=no}
| bash_cv_printf_a_format=${bash_cv_printf_a_format=yes}
| bash_cv_pgrp_pipe=${bash_cv_pgrp_pipe=no}
| bash_cv_job_control_missing=${bash_cv_job_control_missing=present}
| bash_cv_sys_named_pipes=${bash_cv_sys_named_pipes=present}
| bash_cv_unusable_rtsigs=${bash_cv_unusable_rtsigs=no}
| 
| # coreutils
| gl_cv_func_fstatat_zero_flag=${gl_cv_func_fstatat_zero_flag=yes}
| 
| # mysql
| ac_cv_sys_restartable_syscalls=${ac_cv_sys_restartable_syscalls=yes}
| ac_cv_conv_longlong_to_float=${ac_cv_conv_longlong_to_float=yes}
| 
| # TCL
| tcl_cv_api_serial=${tcl_cv_api_serial=termios}
| 
| # python
| ac_cv_have_long_long_format=yes
configure:1697: loading site script /home/wuguang/630_slm/M9615AAAARNLZA16112281_module/apps_proc/oe-core/meta/site/common-glibc
| # general
| ac_cv_have_decl_sys_siglist=${ac_cv_have_decl_sys_siglist=yes}
| ac_cv_func_realloc_works=${ac_cv_func_realloc_works=yes}
| ac_cv_func_realloc_0_nonnull=${ac_cv_func_realloc_0_nonnull=yes}
| ac_cv_func_malloc_works=${ac_cv_func_malloc_works=yes}
| ac_cv_func_malloc_0_nonnull=${ac_cv_func_malloc_0_nonnull=yes}
| ac_cv_func_memcmp_working=${ac_cv_func_memcmp_working=yes}
| ac_cv_func_getpgrp_void=yes
| ac_cv_func_setpgrp_void=yes
| ac_cv_func_setgrent_void=yes
| ac_cv_func_getgrgid_r=${ac_cv_func_getgrgid_r=yes}
| ac_cv_func_getpwuid_r=${ac_cv_func_getpwuid_r=yes}
| ac_cv_func_posix_getpwuid_r=${ac_cv_func_posix_getpwuid_r=yes}
| ac_cv_func_posix_getgrgid_r=${ac_cv_func_posix_getgrgid_r=yes}
| ac_cv_type_uid_t={ac_cv_type_uid_t=yes}
| ac_cv_func_getaddrinfo=${ac_cv_func_getaddrinfo=yes}
| 
| # bash
| bash_cv_under_sys_siglist=${bash_cv_under_sys_siglist=yes}
| bash_cv_sys_siglist=${bash_cv_sys_siglist=yes}
| 
| # clamav
| clamav_av_func_working_snprintf_long=${clamav_av_func_working_snprintf_long=yes}
| clamav_av_have_in_port_t=${clamav_av_have_in_port_t=yes}
| clamav_av_have_in_addr_t=${clamav_av_have_in_addr_t=yes}
| ac_cv_func_mmap_fixed_mapped=${ac_cv_func_mmap_fixed_mapped=yes}
| 
| # coreutils
| fu_cv_sys_stat_statfs2_bsize=${fu_cv_sys_stat_statfs2_bsize=yes}
| 
| # glib
| glib_cv_strlcpy=${glib_cv_strlcpy=no}
| ac_cv_func_printf_unix98=${ac_cv_func_printf_unix98=yes}
| ac_cv_func_snprintf_c99=${ac_cv_func_snprintf_c99=yes}
| ac_cv_func_vsnprintf_c99=${ac_cv_func_vsnprintf_c99=yes}
| glib_cv_compliant_posix_memalign=${glib_cv_compliant_posix_memalign=1}
| glib_cv_long_long_format=${glib_cv_long_long_format=ll}
| # glib-1.x requires this and pkgconfig-native / pkgconfig-nativesdk use
| # that to avoid a dependency loop.
| glib_cv___va_copy=${glib_cv___va_copy=yes}
| glib_cv_va_copy=${glib_cv_va_copy=yes}
| glib_cv_have_qsort_r=${glib_cv_have_qsort_r=yes}
| 
| #dbus-glib
| ac_cv_have_abstract_sockets=${ac_cv_have_abstract_sockets=yes}
| 
| # gnucash
| am_cv_scanf_lld=${am_cv_scanf_lld=yes}
| 
| # guile
| ac_cv_func_pthread_attr_getstack=${ac_cv_func_pthread_attr_getstack=yes}
| 
| #gcc-zlib
| ac_cv_func_getpagesize=${ac_cv_func_getpagesize=yes}
| ac_cv_func_memcpy=${ac_cv_func_memcpy=yes}
| ac_cv_func_strerror=${ac_cv_func_strerror=yes}
| 
| # squid
| ac_cv_af_unix_large_dgram=${ac_cv_af_unix_large_dgram=yes}
| ac_cv_func_setresuid=${ac_cv_func_setresuid=yes}
| ac_cv_func_va_copy=${ac_cv_func_va_copy=yes}
| ac_cv_func___va_copy=${ac_cv_func___va_copy=yes}
| ac_cv_epoll_works=${ac_cv_epoll_works=yes}
| 
| ac_cv_check_sjlj=ssjlj
| 
| # m4
| gt_cv_locale_fr=${gt_cv_locale_fr=fr_FR}
| gl_cv_func_btowc_eof=${gl_cv_func_btowc_eof=yes}
| gl_cv_func_wcrtomb_retval=${gl_cv_func_wcrtomb_retval=yes}
| gl_cv_func_wctob_works=${gl_cv_func_wctob_works=yes}
| gl_cv_func_mbrtowc_incomplete_state=${gl_cv_func_mbrtowc_incomplete_state=yes}
| gl_cv_func_mbrtowc_sanitycheck=${gl_cv_func_mbrtowc_sanitycheck=yes}
| gl_cv_func_mbrtowc_null_arg=${gl_cv_func_mbrtowc_null_arg=yes}
| gl_cv_func_mbrtowc_retval=${gl_cv_func_mbrtowc_retval=yes}
| gl_cv_func_mbrtowc_nul_retval=${gl_cv_func_mbrtowc_nul_retval=yes}
| 
| # va_copy and _va_copy
| ac_cv_va_copy=${ac_cv_va_copy=yes}
| ac_cv___va_copy=${ac_cv___va_copy=yes}
| ac_cv_func_va_copy=${ac_cv_func_va_copy=yes}
| ac_cv_func___va_copy=${ac_cv_func___va_copy=yes}
configure:1697: loading site script /home/wuguang/630_slm/M9615AAAARNLZA16112281_module/apps_proc/oe-core/meta/site/x86_64-linux
| # general
| ac_cv_va_val_copy=${ac_cv_va_val_copy=no}
| ac_cv_func_lstat_dereferences_slashed_symlink=${ac_cv_func_lstat_dereferences_slashed_symlink=yes}
| ac_cv_func_lstat_empty_string_bug=${ac_cv_func_lstat_empty_string_bug=no}
| ac_cv_func_posix_getpwnam_r=${ac_cv_func_posix_getpwnam_r=yes}
| ac_cv_func_setvbuf_reversed=${ac_cv_func_setvbuf_reversed=no}
| ac_cv_func_stat_empty_string_bug=${ac_cv_func_stat_empty_string_bug=no}
| ac_cv_func_stat_ignores_trailing_slash=${ac_cv_func_stat_ignores_trailing_slash=no}
| ac_libnet_have_packet_socket=${ac_libnet_have_packet_socket=yes}
| ac_cv_linux_vers=${ac_cv_linux_vers=2}
| ac_cv_need_trio=${ac_cv_need_trio=no}
| ac_cv_sizeof_char=${ac_cv_sizeof_char=1}
| ac_cv_sizeof_int=${ac_cv_sizeof_int=4}
| ac_cv_sizeof_unsigned_int=${ac_cv_sizeof_unsigned_int=4}
| ac_cv_sizeof___int64=${ac_cv_sizeof___int64=0}
| ac_cv_sizeof_long=${ac_cv_sizeof_long=8}
| ac_cv_sizeof_unsigned_long=${ac_cv_sizeof_unsigned_long=8}
| ac_cv_sizeof_long_double=${ac_cv_sizeof_long_double=16}
| ac_cv_sizeof_long_int=${ac_cv_sizeof_long_int=8}
| ac_cv_sizeof_long_long=${ac_cv_sizeof_long_long=8}
| ac_cv_sizeof_off_t=${ac_cv_sizeof_off_t=8}
| ac_cv_sizeof_short=${ac_cv_sizeof_short=2}
| ac_cv_sizeof_unsigned_short=${ac_cv_sizeof_unsigned_short=2}
| ac_cv_sizeof_short_int=${ac_cv_sizeof_short_int=2}
| ac_cv_sizeof_size_t=${ac_cv_sizeof_size_t=8}
| ac_cv_sizeof_uid_t=${ac_cv_sizeof_uid_t=4}
| ac_cv_sizeof_gid_t=${ac_cv_sizeof_gid_t=4}
| ac_cv_sizeof_ino_t=${ac_cv_sizeof_ino_t=8}
| ac_cv_sizeof_dev_t=${ac_cv_sizeof_dev_t=8}
| ac_cv_sizeof_void_p=${ac_cv_sizeof_void_p=8}
| ac_cv_strerror_r_SUSv3=${ac_cv_strerror_r_SUSv3=no}
| db_cv_alignp_t=${db_cv_alignp_t='unsigned long long'}
| db_cv_align_t=${db_cv_align_t='unsigned long long'}
| db_cv_fcntl_f_setfd=${db_cv_fcntl_f_setfd=yes}
| db_cv_sprintf_count=${db_cv_sprintf_count=yes}
| 
| # glib
| glib_cv_hasinline=${glib_cv_hasinline=yes}
| glib_cv_has__inline=${glib_cv_has__inline=yes}
| glib_cv_has__inline__=${glib_cv_has__inline__=yes}
| glib_cv_long_long_format=${glib_cv_long_long_format=ll}
| glib_cv_rtldglobal_broken=${glib_cv_rtldglobal_broken=yes}
| glib_cv_sane_realloc=${glib_cv_sane_realloc=yes}
| glib_cv_sizeof_gmutex=${glib_cv_sizeof_gmutex=40}
| glib_cv_sizeof_intmax_t=${glib_cv_sizeof_intmax_t=8}
| glib_cv_sizeof_ptrdiff_t=${glib_cv_sizeof_ptrdiff_t=8}
| glib_cv_sizeof_size_t=${glib_cv_sizeof_size_t=8}
| glib_cv_sizeof_system_thread=${glib_cv_sizeof_system_thread=8}
| glib_cv_stack_grows=${glib_cv_stack_grows=no}
| glib_cv_sys_pthread_cond_timedwait_posix=${glib_cv_sys_pthread_cond_timedwait_posix=yes}
| glib_cv_sys_pthread_getspecific_posix=${glib_cv_sys_pthread_getspecific_posix=yes}
| glib_cv_sys_pthread_mutex_trylock_posix=${glib_cv_sys_pthread_mutex_trylock_posix=yes}
| glib_cv_uscore=${glib_cv_uscore=no}
| glib_cv_va_val_copy=${glib_cv_va_val_copy=no}
| 
| nano_cv_func_regexec_segv_emptystr=${nano_cv_func_regexec_segv_emptystr=no}
| samba_cv_HAVE_VA_COPY=${samba_cv_HAVE_VA_COPY=yes}
| screen_cv_sys_bcopy_overlap=${screen_cv_sys_bcopy_overlap=no}
| screen_cv_sys_fifo_broken_impl=${screen_cv_sys_fifo_broken_impl=yes}
| screen_cv_sys_fifo_usable=${screen_cv_sys_fifo_usable=yes}
| screen_cv_sys_memcpy_overlap=${screen_cv_sys_memcpy_overlap=no}
| screen_cv_sys_memmove_overlap=${screen_cv_sys_memmove_overlap=no}
| screen_cv_sys_select_broken_retval=${screen_cv_sys_select_broken_retval=no}
| screen_cv_sys_sockets_nofs=${screen_cv_sys_sockets_nofs=no}
| screen_cv_sys_sockets_usable=${screen_cv_sys_sockets_usable=yes}
| screen_cv_sys_terminfo_used=${screen_cv_sys_terminfo_used=yes}
| utils_cv_sys_open_max=${utils_cv_sys_open_max=1015}
| 
| # gettext
| am_cv_func_working_getline=${am_cv_func_working_getline=yes}
| 
| #gcc
| ac_cv_lib_m_sin=${ac_cv_lib_m_sin=yes}
| 
| #orbit
| libIDL_cv_long_long_format=ll
| 
| # bash
| bash_cv_func_sigsetjmp=${bash_cv_func_sigsetjmp=present}
| 
| # ORBit2
| ac_cv_alignof_CORBA_boolean=1
| ac_cv_alignof_CORBA_char=1
| ac_cv_alignof_CORBA_double=8
| ac_cv_alignof_CORBA_float=4
| ac_cv_alignof_CORBA_long=4
| ac_cv_alignof_CORBA_long_double=8
| ac_cv_alignof_CORBA_long_long=8
| ac_cv_alignof_CORBA_octet=1
| ac_cv_alignof_CORBA_pointer=8
| ac_cv_alignof_CORBA_short=2
| ac_cv_alignof_CORBA_struct=1
| ac_cv_alignof_CORBA_wchar=2
| 
| lf_cv_sane_realloc=yes
| as_cv_unaligned_access=${as_cv_unaligned_access=yes}
| 
| #unfs-server
| nfsd_cv_broken_setfsuid=${nfsd_cv_broken_setfsuid=0}
| nfsd_cv_func_statfs=${nfsd_cv_func_statfs=statfs2_bsize}
| nfsd_cv_bsd_signals=${nfsd_cv_bsd_signals=yes}
| 
| #apr
| apr_cv_tcp_nodelay_with_cork=${apr_cv_tcp_nodelay_with_cork=yes}
| 
| # lftp
| lftp_cv_va_val_copy=${lftp_cv_va_val_copy=no}
| 
| # slrn
| slrn_cv_va_val_copy=${slrn_cv_va_val_copy=no}
| 
| # grub
| ac_cv_func___ashldi3=no
| ac_cv_func___ashrdi3=no
| ac_cv_func___bswapdi2=no
| ac_cv_func___bswapsi2=no
| ac_cv_func___lshrdi3=no
| ac_cv_func___trampoline_setup=no
| ac_cv_func___ucmpdi2=no
| ac_cv_func__restgpr_14_x=no
| 
| # cvs
| cvs_cv_func_printf_ptr=${cvs_cv_func_printf_ptr=yes}
configure:1697: loading site script /home/wuguang/630_slm/M9615AAAARNLZA16112281_module/apps_proc/oe-core/meta/site/common
| # libelf
| mr_cv_target_elf=${mr_cv_target_elf=yes}
| 
| # Normally kernels have /dev/random enabled
| ac_cv_file__dev_random=${ac_cv_file__dev_random=yes}
| 
| # Avoid sudo to assume void for unsetenv in cross environment, or else it conflicts with
| # target stdlib.h prototype which follows POSIX compiliance. Mark for upstream.
| sudo_cv_func_unsetenv_void=no
| 
| # shadow dir info, to avoid searching build system
| shadow_cv_maildir=${localstatedir}/spool/mail
| shadow_cv_mailfile=Mailbox
| shadow_cv_utmpdir=${localstatedir}/run
| shadow_cv_logdir=${localstatedir}/log
| shadow_cv_passwd_dir=${bindir}
| 
configure:1697: loading site script /home/wuguang/630_slm/M9615AAAARNLZA16112281_module/apps_proc/oe-core/build/tmp-eglibc/sysroots/x86_64-linux/usr/share/x86_64-linux_config_site.d/zlib-native_config
| ac_cv_header_inttypes_h=${ac_cv_header_inttypes_h=yes}
| ac_cv_header_memory_h=${ac_cv_header_memory_h=yes}
| ac_cv_header_stdc=${ac_cv_header_stdc=yes}
| ac_cv_header_stdint_h=${ac_cv_header_stdint_h=yes}
| ac_cv_header_stdlib_h=${ac_cv_header_stdlib_h=yes}
| ac_cv_header_string_h=${ac_cv_header_string_h=yes}
| ac_cv_header_strings_h=${ac_cv_header_strings_h=yes}
| ac_cv_header_sys_stat_h=${ac_cv_header_sys_stat_h=yes}
| ac_cv_header_sys_types_h=${ac_cv_header_sys_types_h=yes}
| ac_cv_header_unistd_h=${ac_cv_header_unistd_h=yes}
| ac_cv_header_zlib_h=${ac_cv_header_zlib_h=yes}
configure:1697: loading site script /home/wuguang/630_slm/M9615AAAARNLZA16112281_module/apps_proc/oe-core/build/tmp-eglibc/sysroots/x86_64-linux/usr/share/x86_64-linux_config_site.d/ncurses-native_config
| ac_cv_header_X=${ac_cv_header_X=no}
| ac_cv_header__CC=${ac_cv_header__CC=no}
| ac_cv_header__CFLAGS=${ac_cv_header__CFLAGS=no}
| ac_cv_header__CPPFLAGS=${ac_cv_header__CPPFLAGS=no}
| ac_cv_header___5=${ac_cv_header___5=no}
| ac_cv_header__c=${ac_cv_header__c=no}
| ac_cv_header_conftest__ac_ext=${ac_cv_header_conftest__ac_ext=no}
| ac_cv_header_curses_h=${ac_cv_header_curses_h=yes}
| ac_cv_header_inttypes_h=${ac_cv_header_inttypes_h=yes}
| ac_cv_header_memory_h=${ac_cv_header_memory_h=yes}
| ac_cv_header_ncurses_curses_h=${ac_cv_header_ncurses_curses_h=no}
| ac_cv_header_ncurses_h=${ac_cv_header_ncurses_h=yes}
| ac_cv_header_ncurses_termcap_h=${ac_cv_header_ncurses_termcap_h=no}
| ac_cv_header_stdc=${ac_cv_header_stdc=yes}
| ac_cv_header_stdint_h=${ac_cv_header_stdint_h=yes}
| ac_cv_header_stdlib_h=${ac_cv_header_stdlib_h=yes}
| ac_cv_header_string_h=${ac_cv_header_string_h=yes}
| ac_cv_header_strings_h=${ac_cv_header_strings_h=yes}
| ac_cv_header_sys_stat_h=${ac_cv_header_sys_stat_h=yes}
| ac_cv_header_sys_types_h=${ac_cv_header_sys_types_h=yes}
| ac_cv_header_unistd_h=${ac_cv_header_unistd_h=yes}
configure:1838: checking for a BSD-compatible install
configure:1906: result: /usr/bin/install -c
configure:1917: checking whether build environment is sane
configure:1967: result: yes
configure:2108: checking for a thread-safe mkdir -p
configure:2147: result: /bin/mkdir -p
configure:2160: checking for gawk
configure:2176: found /usr/bin/gawk
configure:2187: result: gawk
configure:2198: checking whether make sets $(MAKE)
configure:2220: result: yes
configure:2309: checking for x86_64-linux-gcc
configure:2336: result: gcc
configure:2605: checking for C compiler version
configure:2614: gcc --version >&5
gcc (Ubuntu/Linaro 4.6.3-1ubuntu5) 4.6.3
Copyright (C) 2011 Free Software Foundation, Inc.
This is free software; see the source for copying conditions.  There is NO
warranty; not even for MERCHANTABILITY or FITNESS FOR A PARTICULAR PURPOSE.

configure:2625: $? = 0
configure:2614: gcc -v >&5
Using built-in specs.
COLLECT_GCC=gcc
COLLECT_LTO_WRAPPER=/usr/lib/gcc/x86_64-linux-gnu/4.6/lto-wrapper
Target: x86_64-linux-gnu
Configured with: ../src/configure -v --with-pkgversion='Ubuntu/Linaro 4.6.3-1ubuntu5' --with-bugurl=file:///usr/share/doc/gcc-4.6/README.Bugs --enable-languages=c,c++,fortran,objc,obj-c++ --prefix=/usr --program-suffix=-4.6 --enable-shared --enable-linker-build-id --with-system-zlib --libexecdir=/usr/lib --without-included-gettext --enable-threads=posix --with-gxx-include-dir=/usr/include/c++/4.6 --libdir=/usr/lib --enable-nls --with-sysroot=/ --enable-clocale=gnu --enable-libstdcxx-debug --enable-libstdcxx-time=yes --enable-gnu-unique-object --enable-plugin --enable-objc-gc --disable-werror --with-arch-32=i686 --with-tune=generic --enable-checking=release --build=x86_64-linux-gnu --host=x86_64-linux-gnu --target=x86_64-linux-gnu
Thread model: posix
gcc version 4.6.3 (Ubuntu/Linaro 4.6.3-1ubuntu5) 
configure:2625: $? = 0
configure:2614: gcc -V >&5
gcc: error: unrecognized option '-V'
gcc: fatal error: no input files
compilation terminated.
configure:2625: $? = 4
configure:2614: gcc -qversion >&5
gcc: error: unrecognized option '-qversion'
gcc: fatal error: no input files
compilation terminated.
configure:2625: $? = 4
configure:2645: checking whether the C compiler works
configure:2667: gcc -isystem/home/wuguang/630_slm/M9615AAAARNLZA16112281_module/apps_proc/oe-core/build/tmp-eglibc/sysroots/x86_64-linux/usr/include -O2 -pipe -isystem/home/wuguang/630_slm/M9615AAAARNLZA16112281_module/apps_proc/oe-core/build/tmp-eglibc/sysroots/x86_64-linux/usr/include -L/home/wuguang/630_slm/M9615AAAARNLZA16112281_module/apps_proc/oe-core/build/tmp-eglibc/sysroots/x86_64-linux/usr/lib -L/home/wuguang/630_slm/M9615AAAARNLZA16112281_module/apps_proc/oe-core/build/tmp-eglibc/sysroots/x86_64-linux/lib -Wl,-rpath-link,/home/wuguang/630_slm/M9615AAAARNLZA16112281_module/apps_proc/oe-core/build/tmp-eglibc/sysroots/x86_64-linux/usr/lib -Wl,-rpath-link,/home/wuguang/630_slm/M9615AAAARNLZA16112281_module/apps_proc/oe-core/build/tmp-eglibc/sysroots/x86_64-linux/lib -Wl,-rpath,/home/wuguang/630_slm/M9615AAAARNLZA16112281_module/apps_proc/oe-core/build/tmp-eglibc/sysroots/x86_64-linux/usr/lib -Wl,-rpath,/home/wuguang/630_slm/M9615AAAARNLZA16112281_module/apps_proc/oe-core/build/tmp-eglibc/sysroots/x86_64-linux/lib -Wl,-O1 conftest.c  >&5
configure:2671: $? = 0
configure:2719: result: yes
configure:2722: checking for C compiler default output file name
configure:2724: result: a.out
configure:2730: checking for suffix of executables
configure:2737: gcc -o conftest -isystem/home/wuguang/630_slm/M9615AAAARNLZA16112281_module/apps_proc/oe-core/build/tmp-eglibc/sysroots/x86_64-linux/usr/include -O2 -pipe -isystem/home/wuguang/630_slm/M9615AAAARNLZA16112281_module/apps_proc/oe-core/build/tmp-eglibc/sysroots/x86_64-linux/usr/include -L/home/wuguang/630_slm/M9615AAAARNLZA16112281_module/apps_proc/oe-core/build/tmp-eglibc/sysroots/x86_64-linux/usr/lib -L/home/wuguang/630_slm/M9615AAAARNLZA16112281_module/apps_proc/oe-core/build/tmp-eglibc/sysroots/x86_64-linux/lib -Wl,-rpath-link,/home/wuguang/630_slm/M9615AAAARNLZA16112281_module/apps_proc/oe-core/build/tmp-eglibc/sysroots/x86_64-linux/usr/lib -Wl,-rpath-link,/home/wuguang/630_slm/M9615AAAARNLZA16112281_module/apps_proc/oe-core/build/tmp-eglibc/sysroots/x86_64-linux/lib -Wl,-rpath,/home/wuguang/630_slm/M9615AAAARNLZA16112281_module/apps_proc/oe-core/build/tmp-eglibc/sysroots/x86_64-linux/usr/lib -Wl,-rpath,/home/wuguang/630_slm/M9615AAAARNLZA16112281_module/apps_proc/oe-core/build/tmp-eglibc/sysroots/x86_64-linux/lib -Wl,-O1 conftest.c  >&5
configure:2741: $? = 0
configure:2763: result: 
configure:2785: checking whether we are cross compiling
configure:2793: gcc -o conftest -isystem/home/wuguang/630_slm/M9615AAAARNLZA16112281_module/apps_proc/oe-core/build/tmp-eglibc/sysroots/x86_64-linux/usr/include -O2 -pipe -isystem/home/wuguang/630_slm/M9615AAAARNLZA16112281_module/apps_proc/oe-core/build/tmp-eglibc/sysroots/x86_64-linux/usr/include -L/home/wuguang/630_slm/M9615AAAARNLZA16112281_module/apps_proc/oe-core/build/tmp-eglibc/sysroots/x86_64-linux/usr/lib -L/home/wuguang/630_slm/M9615AAAARNLZA16112281_module/apps_proc/oe-core/build/tmp-eglibc/sysroots/x86_64-linux/lib -Wl,-rpath-link,/home/wuguang/630_slm/M9615AAAARNLZA16112281_module/apps_proc/oe-core/build/tmp-eglibc/sysroots/x86_64-linux/usr/lib -Wl,-rpath-link,/home/wuguang/630_slm/M9615AAAARNLZA16112281_module/apps_proc/oe-core/build/tmp-eglibc/sysroots/x86_64-linux/lib -Wl,-rpath,/home/wuguang/630_slm/M9615AAAARNLZA16112281_module/apps_proc/oe-core/build/tmp-eglibc/sysroots/x86_64-linux/usr/lib -Wl,-rpath,/home/wuguang/630_slm/M9615AAAARNLZA16112281_module/apps_proc/oe-core/build/tmp-eglibc/sysroots/x86_64-linux/lib -Wl,-O1 conftest.c  >&5
configure:2797: $? = 0
configure:2804: ./conftest
configure:2808: $? = 0
configure:2823: result: no
configure:2828: checking for suffix of object files
configure:2850: gcc -c -isystem/home/wuguang/630_slm/M9615AAAARNLZA16112281_module/apps_proc/oe-core/build/tmp-eglibc/sysroots/x86_64-linux/usr/include -O2 -pipe -isystem/home/wuguang/630_slm/M9615AAAARNLZA16112281_module/apps_proc/oe-core/build/tmp-eglibc/sysroots/x86_64-linux/usr/include conftest.c >&5
configure:2854: $? = 0
configure:2875: result: o
configure:2879: checking whether we are using the GNU C compiler
configure:2898: gcc -c -isystem/home/wuguang/630_slm/M9615AAAARNLZA16112281_module/apps_proc/oe-core/build/tmp-eglibc/sysroots/x86_64-linux/usr/include -O2 -pipe -isystem/home/wuguang/630_slm/M9615AAAARNLZA16112281_module/apps_proc/oe-core/build/tmp-eglibc/sysroots/x86_64-linux/usr/include conftest.c >&5
configure:2898: $? = 0
configure:2907: result: yes
configure:2916: checking whether gcc accepts -g
configure:2936: gcc -c -g -isystem/home/wuguang/630_slm/M9615AAAARNLZA16112281_module/apps_proc/oe-core/build/tmp-eglibc/sysroots/x86_64-linux/usr/include conftest.c >&5
configure:2936: $? = 0
configure:2977: result: yes
configure:2994: checking for gcc option to accept ISO C89
configure:3058: gcc  -c -isystem/home/wuguang/630_slm/M9615AAAARNLZA16112281_module/apps_proc/oe-core/build/tmp-eglibc/sysroots/x86_64-linux/usr/include -O2 -pipe -isystem/home/wuguang/630_slm/M9615AAAARNLZA16112281_module/apps_proc/oe-core/build/tmp-eglibc/sysroots/x86_64-linux/usr/include conftest.c >&5
configure:3058: $? = 0
configure:3071: result: none needed
configure:3102: checking for style of include used by make
configure:3130: result: GNU
configure:3156: checking dependency style of gcc
configure:3267: result: none
configure:3283: checking whether gcc and cc understand -c and -o together
configure:3314: gcc -c conftest.c -o conftest2.o >&5
configure:3318: $? = 0
configure:3324: gcc -c conftest.c -o conftest2.o >&5
configure:3328: $? = 0
configure:3339: cc -c conftest.c >&5
configure:3343: $? = 0
configure:3351: cc -c conftest.c -o conftest2.o >&5
configure:3355: $? = 0
configure:3361: cc -c conftest.c -o conftest2.o >&5
configure:3365: $? = 0
configure:3383: result: yes
configure:3413: checking how to run the C preprocessor
configure:3483: result: gcc  -E
configure:3503: gcc  -E -isystem/home/wuguang/630_slm/M9615AAAARNLZA16112281_module/apps_proc/oe-core/build/tmp-eglibc/sysroots/x86_64-linux/usr/include conftest.c
configure:3503: $? = 0
configure:3517: gcc  -E -isystem/home/wuguang/630_slm/M9615AAAARNLZA16112281_module/apps_proc/oe-core/build/tmp-eglibc/sysroots/x86_64-linux/usr/include conftest.c
conftest.c:11:28: fatal error: ac_nonexistent.h: No such file or directory
compilation terminated.
configure:3517: $? = 1
configure: failed program was:
| /* confdefs.h */
| #define PACKAGE_NAME "fsconfig-native"
| #define PACKAGE_TARNAME "fsconfig-native"
| #define PACKAGE_VERSION "1.0.0"
| #define PACKAGE_STRING "fsconfig-native 1.0.0"
| #define PACKAGE_BUGREPORT ""
| #define PACKAGE_URL ""
| #define PACKAGE "fsconfig-native"
| #define VERSION "1.0.0"
| /* end confdefs.h.  */
| #include <ac_nonexistent.h>
configure:3732: creating ./config.status

## ---------------------- ##
## Running config.status. ##
## ---------------------- ##

This file was extended by fsconfig-native config.status 1.0.0, which was
generated by GNU Autoconf 2.68.  Invocation command line was

  CONFIG_FILES    = 
  CONFIG_HEADERS  = 
  CONFIG_LINKS    = 
  CONFIG_COMMANDS = 
  $ ./config.status 

on ubuntu

config.status:797: creating Makefile
config.status:969: executing depfiles commands
configure:4871: WARNING: unrecognized options: --disable-silent-rules

## ---------------- ##
## Cache variables. ##
## ---------------- ##

ac_cv___va_copy=yes
ac_cv_af_unix_large_dgram=yes
ac_cv_alignof_CORBA_boolean=1
ac_cv_alignof_CORBA_char=1
ac_cv_alignof_CORBA_double=8
ac_cv_alignof_CORBA_float=4
ac_cv_alignof_CORBA_long=4
ac_cv_alignof_CORBA_long_double=8
ac_cv_alignof_CORBA_long_long=8
ac_cv_alignof_CORBA_octet=1
ac_cv_alignof_CORBA_pointer=8
ac_cv_alignof_CORBA_short=2
ac_cv_alignof_CORBA_struct=1
ac_cv_alignof_CORBA_wchar=2
ac_cv_c_bigendian=no
ac_cv_c_compiler_gnu=yes
ac_cv_c_littleendian=yes
ac_cv_check_sjlj=ssjlj
ac_cv_conv_longlong_to_float=yes
ac_cv_env_CC_set=set
ac_cv_env_CC_value=gcc
ac_cv_env_CFLAGS_set=set
ac_cv_env_CFLAGS_value='-isystem/home/wuguang/630_slm/M9615AAAARNLZA16112281_module/apps_proc/oe-core/build/tmp-eglibc/sysroots/x86_64-linux/usr/include -O2 -pipe'
ac_cv_env_CPPFLAGS_set=set
ac_cv_env_CPPFLAGS_value=-isystem/home/wuguang/630_slm/M9615AAAARNLZA16112281_module/apps_proc/oe-core/build/tmp-eglibc/sysroots/x86_64-linux/usr/include
ac_cv_env_CPP_set=set
ac_cv_env_CPP_value='gcc  -E'
ac_cv_env_LDFLAGS_set=set
ac_cv_env_LDFLAGS_value='-L/home/wuguang/630_slm/M9615AAAARNLZA16112281_module/apps_proc/oe-core/build/tmp-eglibc/sysroots/x86_64-linux/usr/lib -L/home/wuguang/630_slm/M9615AAAARNLZA16112281_module/apps_proc/oe-core/build/tmp-eglibc/sysroots/x86_64-linux/lib -Wl,-rpath-link,/home/wuguang/630_slm/M9615AAAARNLZA16112281_module/apps_proc/oe-core/build/tmp-eglibc/sysroots/x86_64-linux/usr/lib -Wl,-rpath-link,/home/wuguang/630_slm/M9615AAAARNLZA16112281_module/apps_proc/oe-core/build/tmp-eglibc/sysroots/x86_64-linux/lib -Wl,-rpath,/home/wuguang/630_slm/M9615AAAARNLZA16112281_module/apps_proc/oe-core/build/tmp-eglibc/sysroots/x86_64-linux/usr/lib -Wl,-rpath,/home/wuguang/630_slm/M9615AAAARNLZA16112281_module/apps_proc/oe-core/build/tmp-eglibc/sysroots/x86_64-linux/lib -Wl,-O1'
ac_cv_env_LIBS_set=
ac_cv_env_LIBS_value=
ac_cv_env_build_alias_set=set
ac_cv_env_build_alias_value=x86_64-linux
ac_cv_env_host_alias_set=set
ac_cv_env_host_alias_value=x86_64-linux
ac_cv_env_target_alias_set=set
ac_cv_env_target_alias_value=x86_64-linux
ac_cv_epoll_works=yes
ac_cv_file__dev_random=yes
ac_cv_file__dev_zero=yes
ac_cv_func___ashldi3=no
ac_cv_func___ashrdi3=no
ac_cv_func___bswapdi2=no
ac_cv_func___bswapsi2=no
ac_cv_func___lshrdi3=no
ac_cv_func___trampoline_setup=no
ac_cv_func___ucmpdi2=no
ac_cv_func___va_copy=yes
ac_cv_func__restgpr_14_x=no
ac_cv_func_getaddrinfo=yes
ac_cv_func_getgrgid_r=yes
ac_cv_func_getpagesize=yes
ac_cv_func_getpgrp_void=yes
ac_cv_func_getpwuid_r=yes
ac_cv_func_lstat_dereferences_slashed_symlink=yes
ac_cv_func_lstat_empty_string_bug=no
ac_cv_func_malloc_0_nonnull=yes
ac_cv_func_malloc_works=yes
ac_cv_func_memcmp_working=yes
ac_cv_func_memcpy=yes
ac_cv_func_mmap_fixed_mapped=yes
ac_cv_func_posix_getgrgid_r=yes
ac_cv_func_posix_getpwnam_r=yes
ac_cv_func_posix_getpwuid_r=yes
ac_cv_func_printf_unix98=yes
ac_cv_func_pthread_attr_getstack=yes
ac_cv_func_realloc_0_nonnull=yes
ac_cv_func_realloc_works=yes
ac_cv_func_setgrent_void=yes
ac_cv_func_setpgrp_void=yes
ac_cv_func_setresuid=yes
ac_cv_func_setvbuf_reversed=no
ac_cv_func_snprintf_c99=yes
ac_cv_func_stat_empty_string_bug=no
ac_cv_func_stat_ignores_trailing_slash=no
ac_cv_func_strerror=yes
ac_cv_func_va_copy=yes
ac_cv_func_vsnprintf_c99=yes
ac_cv_have_abstract_sockets=yes
ac_cv_have_decl_sys_siglist=yes
ac_cv_have_long_long_format=yes
ac_cv_header_X=no
ac_cv_header__CC=no
ac_cv_header__CFLAGS=no
ac_cv_header__CPPFLAGS=no
ac_cv_header___5=no
ac_cv_header__c=no
ac_cv_header_conftest__ac_ext=no
ac_cv_header_curses_h=yes
ac_cv_header_inttypes_h=yes
ac_cv_header_memory_h=yes
ac_cv_header_ncurses_curses_h=no
ac_cv_header_ncurses_h=yes
ac_cv_header_ncurses_termcap_h=no
ac_cv_header_stdc=yes
ac_cv_header_stdint_h=yes
ac_cv_header_stdlib_h=yes
ac_cv_header_string_h=yes
ac_cv_header_strings_h=yes
ac_cv_header_sys_stat_h=yes
ac_cv_header_sys_types_h=yes
ac_cv_header_unistd_h=yes
ac_cv_header_zlib_h=yes
ac_cv_lib_m_sin=yes
ac_cv_libnet_endianess=lil
ac_cv_linux_vers=2
ac_cv_need_trio=no
ac_cv_objext=o
ac_cv_path_install='/usr/bin/install -c'
ac_cv_path_mkdir=/bin/mkdir
ac_cv_prog_AWK=gawk
ac_cv_prog_CC=gcc
ac_cv_prog_CPP='gcc  -E'
ac_cv_prog_cc_c89=
ac_cv_prog_cc_g=yes
ac_cv_prog_cc_gcc_c_o=yes
ac_cv_prog_make_make_set=yes
ac_cv_sizeof___int64=0
ac_cv_sizeof_char=1
ac_cv_sizeof_dev_t=8
ac_cv_sizeof_gid_t=4
ac_cv_sizeof_ino_t=8
ac_cv_sizeof_int=4
ac_cv_sizeof_long=8
ac_cv_sizeof_long_double=16
ac_cv_sizeof_long_int=8
ac_cv_sizeof_long_long=8
ac_cv_sizeof_off_t=8
ac_cv_sizeof_short=2
ac_cv_sizeof_short_int=2
ac_cv_sizeof_size_t=8
ac_cv_sizeof_uid_t=4
ac_cv_sizeof_unsigned_int=4
ac_cv_sizeof_unsigned_long=8
ac_cv_sizeof_unsigned_short=2
ac_cv_sizeof_void_p=8
ac_cv_strerror_r_SUSv3=no
ac_cv_sys_restartable_syscalls=yes
ac_cv_type_uid_t='{ac_cv_type_uid_t=yes}'
ac_cv_va_copy=yes
ac_cv_va_val_copy=no
am_cv_CC_dependencies_compiler_type=none
am_cv_func_working_getline=yes
am_cv_scanf_lld=yes
apr_cv_tcp_nodelay_with_cork=yes
as_cv_unaligned_access=yes
bash_cv_dup2_broken=no
bash_cv_func_sigsetjmp=present
bash_cv_func_strcoll_broken=no
bash_cv_getcwd_calls_popen=no
bash_cv_getenv_redef=yes
bash_cv_have_mbstate_t=yes
bash_cv_job_control_missing=present
bash_cv_must_reinstall_sighandlers=no
bash_cv_opendir_not_robust=no
bash_cv_pgrp_pipe=no
bash_cv_printf_a_format=yes
bash_cv_sys_named_pipes=present
bash_cv_sys_siglist=yes
bash_cv_type_rlimit=rlim_t
bash_cv_ulimit_maxfds=yes
bash_cv_under_sys_siglist=yes
bash_cv_unusable_rtsigs=no
cvs_cv_func_printf_ptr=yes
db_cv_align_t='unsigned long long'
db_cv_alignp_t='unsigned long long'
db_cv_fcntl_f_setfd=yes
db_cv_path_ar=/usr/bin/ar
db_cv_path_chmod=/bin/chmod
db_cv_path_cp=/bin/cp
db_cv_path_ln=/bin/ln
db_cv_path_mkdir=/bin/mkdir
db_cv_path_ranlib=/usr/bin/ranlib
db_cv_path_rm=/bin/rm
db_cv_path_sh=/bin/sh
db_cv_path_strip=/usr/bin/strip
db_cv_sprintf_count=yes
fu_cv_sys_stat_statfs2_bsize=yes
gl_cv_func_btowc_eof=yes
gl_cv_func_fstatat_zero_flag=yes
gl_cv_func_mbrtowc_incomplete_state=yes
gl_cv_func_mbrtowc_nul_retval=yes
gl_cv_func_mbrtowc_null_arg=yes
gl_cv_func_mbrtowc_retval=yes
gl_cv_func_mbrtowc_sanitycheck=yes
gl_cv_func_wcrtomb_retval=yes
gl_cv_func_wctob_works=yes
glib_cv___va_copy=yes
glib_cv_compliant_posix_memalign=1
glib_cv_has__inline=yes
glib_cv_has__inline__=yes
glib_cv_hasinline=yes
glib_cv_have_qsort_r=yes
glib_cv_long_long_format=ll
glib_cv_rtldglobal_broken=yes
glib_cv_sane_realloc=yes
glib_cv_sizeof_gmutex=40
glib_cv_sizeof_intmax_t=8
glib_cv_sizeof_ptrdiff_t=8
glib_cv_sizeof_size_t=8
glib_cv_sizeof_system_thread=8
glib_cv_stack_grows=no
glib_cv_strlcpy=no
glib_cv_sys_pthread_cond_timedwait_posix=yes
glib_cv_sys_pthread_getspecific_posix=yes
glib_cv_sys_pthread_mutex_trylock_posix=yes
glib_cv_uscore=no
glib_cv_va_copy=yes
glib_cv_va_val_copy=no
gt_cv_locale_fr=fr_FR
lf_cv_sane_realloc=yes
lftp_cv_va_val_copy=no
libIDL_cv_long_long_format=ll
mr_cv_target_elf=yes
nano_cv_func_regexec_segv_emptystr=no
nfsd_cv_broken_setfsuid=0
nfsd_cv_bsd_signals=yes
nfsd_cv_func_statfs=statfs2_bsize
samba_cv_HAVE_IFACE_AIX=no
samba_cv_HAVE_IFACE_IFCONF=yes
samba_cv_HAVE_IFACE_IFREQ=yes
samba_cv_HAVE_IRIX_SPECIFIC_CAPABILITIES=no
samba_cv_HAVE_VA_COPY=yes
screen_cv_sys_bcopy_overlap=no
screen_cv_sys_fifo_broken_impl=yes
screen_cv_sys_fifo_usable=yes
screen_cv_sys_memcpy_overlap=no
screen_cv_sys_memmove_overlap=no
screen_cv_sys_select_broken_retval=no
screen_cv_sys_sockets_nofs=no
screen_cv_sys_sockets_usable=yes
screen_cv_sys_terminfo_used=yes
shadow_cv_logdir=/home/wuguang/630_slm/M9615AAAARNLZA16112281_module/apps_proc/oe-core/build/tmp-eglibc/sysroots/x86_64-linux/var/log
shadow_cv_maildir=/home/wuguang/630_slm/M9615AAAARNLZA16112281_module/apps_proc/oe-core/build/tmp-eglibc/sysroots/x86_64-linux/var/spool/mail
shadow_cv_mailfile=Mailbox
shadow_cv_passwd_dir=/home/wuguang/630_slm/M9615AAAARNLZA16112281_module/apps_proc/oe-core/build/tmp-eglibc/sysroots/x86_64-linux/usr/bin
shadow_cv_utmpdir=/home/wuguang/630_slm/M9615AAAARNLZA16112281_module/apps_proc/oe-core/build/tmp-eglibc/sysroots/x86_64-linux/var/run
slrn_cv_va_val_copy=no
sudo_cv_func_unsetenv_void=no
tcl_cv_api_serial=termios
utils_cv_sys_open_max=1015

## ----------------- ##
## Output variables. ##
## ----------------- ##

ACLOCAL='${SHELL} /home/wuguang/630_slm/M9615AAAARNLZA16112281_module/apps_proc/oe-core/build/tmp-eglibc/work/x86_64-linux/fsconfig-native-git-r2/fs_config/missing --run aclocal-1.11'
AMDEPBACKSLASH=''
AMDEP_FALSE=''
AMDEP_TRUE='#'
AMTAR='${SHELL} /home/wuguang/630_slm/M9615AAAARNLZA16112281_module/apps_proc/oe-core/build/tmp-eglibc/work/x86_64-linux/fsconfig-native-git-r2/fs_config/missing --run tar'
AUTOCONF='${SHELL} /home/wuguang/630_slm/M9615AAAARNLZA16112281_module/apps_proc/oe-core/build/tmp-eglibc/work/x86_64-linux/fsconfig-native-git-r2/fs_config/missing --run autoconf'
AUTOHEADER='${SHELL} /home/wuguang/630_slm/M9615AAAARNLZA16112281_module/apps_proc/oe-core/build/tmp-eglibc/work/x86_64-linux/fsconfig-native-git-r2/fs_config/missing --run autoheader'
AUTOMAKE='${SHELL} /home/wuguang/630_slm/M9615AAAARNLZA16112281_module/apps_proc/oe-core/build/tmp-eglibc/work/x86_64-linux/fsconfig-native-git-r2/fs_config/missing --run automake-1.11'
AWK='gawk'
CC='gcc'
CCDEPMODE='depmode=none'
CFLAGS='-isystem/home/wuguang/630_slm/M9615AAAARNLZA16112281_module/apps_proc/oe-core/build/tmp-eglibc/sysroots/x86_64-linux/usr/include -O2 -pipe'
CPP='gcc  -E'
CPPFLAGS='-isystem/home/wuguang/630_slm/M9615AAAARNLZA16112281_module/apps_proc/oe-core/build/tmp-eglibc/sysroots/x86_64-linux/usr/include'
CUTILS_CFLAGS=''
CUTILS_LIBS=''
CYGPATH_W='echo'
DEFS='-DPACKAGE_NAME=\"fsconfig-native\" -DPACKAGE_TARNAME=\"fsconfig-native\" -DPACKAGE_VERSION=\"1.0.0\" -DPACKAGE_STRING=\"fsconfig-native\ 1.0.0\" -DPACKAGE_BUGREPORT=\"\" -DPACKAGE_URL=\"\" -DPACKAGE=\"fsconfig-native\" -DVERSION=\"1.0.0\"'
DEPDIR='.deps'
ECHO_C=''
ECHO_N='-n'
ECHO_T=''
EXEEXT=''
INSTALL_DATA='${INSTALL} -m 644'
INSTALL_PROGRAM='${INSTALL}'
INSTALL_SCRIPT='${INSTALL}'
INSTALL_STRIP_PROGRAM='$(install_sh) -c -s'
LDFLAGS='-L/home/wuguang/630_slm/M9615AAAARNLZA16112281_module/apps_proc/oe-core/build/tmp-eglibc/sysroots/x86_64-linux/usr/lib -L/home/wuguang/630_slm/M9615AAAARNLZA16112281_module/apps_proc/oe-core/build/tmp-eglibc/sysroots/x86_64-linux/lib -Wl,-rpath-link,/home/wuguang/630_slm/M9615AAAARNLZA16112281_module/apps_proc/oe-core/build/tmp-eglibc/sysroots/x86_64-linux/usr/lib -Wl,-rpath-link,/home/wuguang/630_slm/M9615AAAARNLZA16112281_module/apps_proc/oe-core/build/tmp-eglibc/sysroots/x86_64-linux/lib -Wl,-rpath,/home/wuguang/630_slm/M9615AAAARNLZA16112281_module/apps_proc/oe-core/build/tmp-eglibc/sysroots/x86_64-linux/usr/lib -Wl,-rpath,/home/wuguang/630_slm/M9615AAAARNLZA16112281_module/apps_proc/oe-core/build/tmp-eglibc/sysroots/x86_64-linux/lib -Wl,-O1'
LIBOBJS=''
LIBS=''
LTLIBOBJS=''
MAKEINFO='${SHELL} /home/wuguang/630_slm/M9615AAAARNLZA16112281_module/apps_proc/oe-core/build/tmp-eglibc/work/x86_64-linux/fsconfig-native-git-r2/fs_config/missing --run makeinfo'
MKDIR_P='/bin/mkdir -p'
OBJEXT='o'
PACKAGE='fsconfig-native'
PACKAGE_BUGREPORT=''
PACKAGE_NAME='fsconfig-native'
PACKAGE_STRING='fsconfig-native 1.0.0'
PACKAGE_TARNAME='fsconfig-native'
PACKAGE_URL=''
PACKAGE_VERSION='1.0.0'
PATH_SEPARATOR=':'
SET_MAKE=''
SHELL='/bin/sh'
STRIP='strip'
USE_GLIB_FALSE=''
USE_GLIB_TRUE='#'
VERSION='1.0.0'
ac_ct_CC=''
am__EXEEXT_FALSE=''
am__EXEEXT_TRUE='#'
am__fastdepCC_FALSE=''
am__fastdepCC_TRUE='#'
am__include='include'
am__isrc=''
am__leading_dot='.'
am__nodep=''
am__quote=''
am__tar='${AMTAR} chof - "$$tardir"'
am__untar='${AMTAR} xf -'
bindir='/home/wuguang/630_slm/M9615AAAARNLZA16112281_module/apps_proc/oe-core/build/tmp-eglibc/sysroots/x86_64-linux/usr/bin'
build_alias='x86_64-linux'
datadir='/home/wuguang/630_slm/M9615AAAARNLZA16112281_module/apps_proc/oe-core/build/tmp-eglibc/sysroots/x86_64-linux/usr/share'
datarootdir='${prefix}/share'
docdir='${datarootdir}/doc/${PACKAGE_TARNAME}'
dvidir='${docdir}'
exec_prefix='/home/wuguang/630_slm/M9615AAAARNLZA16112281_module/apps_proc/oe-core/build/tmp-eglibc/sysroots/x86_64-linux/usr'
host_alias='x86_64-linux'
htmldir='${docdir}'
includedir='/home/wuguang/630_slm/M9615AAAARNLZA16112281_module/apps_proc/oe-core/build/tmp-eglibc/sysroots/x86_64-linux/usr/include'
infodir='/home/wuguang/630_slm/M9615AAAARNLZA16112281_module/apps_proc/oe-core/build/tmp-eglibc/sysroots/x86_64-linux/usr/share/info'
install_sh='${SHELL} /home/wuguang/630_slm/M9615AAAARNLZA16112281_module/apps_proc/oe-core/build/tmp-eglibc/work/x86_64-linux/fsconfig-native-git-r2/fs_config/install-sh'
libdir='/home/wuguang/630_slm/M9615AAAARNLZA16112281_module/apps_proc/oe-core/build/tmp-eglibc/sysroots/x86_64-linux/usr/lib'
libexecdir='/home/wuguang/630_slm/M9615AAAARNLZA16112281_module/apps_proc/oe-core/build/tmp-eglibc/sysroots/x86_64-linux/usr/libexec'
localedir='${datarootdir}/locale'
localstatedir='/home/wuguang/630_slm/M9615AAAARNLZA16112281_module/apps_proc/oe-core/build/tmp-eglibc/sysroots/x86_64-linux/var'
mandir='/home/wuguang/630_slm/M9615AAAARNLZA16112281_module/apps_proc/oe-core/build/tmp-eglibc/sysroots/x86_64-linux/usr/share/man'
mkdir_p='/bin/mkdir -p'
oldincludedir='/home/wuguang/630_slm/M9615AAAARNLZA16112281_module/apps_proc/oe-core/build/tmp-eglibc/sysroots/x86_64-linux/usr/include'
pdfdir='${docdir}'
prefix='/home/wuguang/630_slm/M9615AAAARNLZA16112281_module/apps_proc/oe-core/build/tmp-eglibc/sysroots/x86_64-linux/usr'
program_transform_name='s,x,x,'
psdir='${docdir}'
sbindir='/home/wuguang/630_slm/M9615AAAARNLZA16112281_module/apps_proc/oe-core/build/tmp-eglibc/sysroots/x86_64-linux/usr/sbin'
sharedstatedir='/home/wuguang/630_slm/M9615AAAARNLZA16112281_module/apps_proc/oe-core/build/tmp-eglibc/sysroots/x86_64-linux/com'
sysconfdir='/home/wuguang/630_slm/M9615AAAARNLZA16112281_module/apps_proc/oe-core/build/tmp-eglibc/sysroots/x86_64-linux/etc'
target_alias='x86_64-linux'

## ----------- ##
## confdefs.h. ##
## ----------- ##

/* confdefs.h */
#define PACKAGE_NAME "fsconfig-native"
#define PACKAGE_TARNAME "fsconfig-native"
#define PACKAGE_VERSION "1.0.0"
#define PACKAGE_STRING "fsconfig-native 1.0.0"
#define PACKAGE_BUGREPORT ""
#define PACKAGE_URL ""
#define PACKAGE "fsconfig-native"
#define VERSION "1.0.0"

configure: exit 0
